2023-08-21 21:04:59,821 [WARNING] -  * Debugger is active!
2023-08-21 21:04:59,834 [INFO] -  * Debugger PIN: 752-207-021
2023-08-21 21:44:56,326 [INFO] -  * Detected change in 'C:\\Users\\shali\\PycharmProjects\\prediction_pipeline\\data_preprocessing.py', reloading
2023-08-21 21:45:03,681 [WARNING] -  * Debugger is active!
2023-08-21 21:45:03,693 [INFO] -  * Debugger PIN: 752-207-021
2023-08-21 21:46:00,879 [INFO] -  * Detected change in 'C:\\Users\\shali\\PycharmProjects\\prediction_pipeline\\data_preprocessing.py', reloading
2023-08-21 21:46:05,973 [WARNING] -  * Debugger is active!
2023-08-21 21:46:05,983 [INFO] -  * Debugger PIN: 752-207-021
2023-08-21 21:47:04,583 [INFO] -  * Detected change in 'C:\\Users\\shali\\PycharmProjects\\prediction_pipeline\\data_preprocessing.py', reloading
2023-08-21 21:47:09,351 [WARNING] -  * Debugger is active!
2023-08-21 21:47:09,364 [INFO] -  * Debugger PIN: 752-207-021
2023-08-21 21:47:28,751 [INFO] -  * Detected change in 'C:\\Users\\shali\\PycharmProjects\\prediction_pipeline\\data_preprocessing.py', reloading
2023-08-21 21:47:33,123 [WARNING] -  * Debugger is active!
2023-08-21 21:47:33,134 [INFO] -  * Debugger PIN: 752-207-021
2023-08-21 22:02:37,055 [INFO] -  * Detected change in 'C:\\Users\\shali\\PycharmProjects\\prediction_pipeline\\data_preprocessing.py', reloading
2023-08-21 22:02:42,964 [WARNING] -  * Debugger is active!
2023-08-21 22:02:42,976 [INFO] -  * Debugger PIN: 752-207-021
2023-08-21 22:07:07,705 [INFO] -  * Detected change in 'C:\\Users\\shali\\PycharmProjects\\prediction_pipeline\\data_preprocessing.py', reloading
2023-08-21 22:07:13,545 [WARNING] -  * Debugger is active!
2023-08-21 22:07:13,561 [INFO] -  * Debugger PIN: 752-207-021
2023-08-21 22:09:09,044 [INFO] -  * Detected change in 'C:\\Users\\shali\\PycharmProjects\\prediction_pipeline\\data_preprocessing.py', reloading
2023-08-21 22:09:13,627 [WARNING] -  * Debugger is active!
2023-08-21 22:09:13,637 [INFO] -  * Debugger PIN: 752-207-021
2023-08-21 22:16:47,856 [INFO] -  * Detected change in 'C:\\Users\\shali\\PycharmProjects\\prediction_pipeline\\main.py', reloading
2023-08-21 22:16:56,499 [WARNING] -  * Debugger is active!
2023-08-21 22:16:56,509 [INFO] -  * Debugger PIN: 752-207-021
2023-08-21 22:18:08,498 [INFO] -  * Detected change in 'C:\\Users\\shali\\PycharmProjects\\prediction_pipeline\\data_preprocessing.py', reloading
2023-08-21 22:18:13,379 [WARNING] -  * Debugger is active!
2023-08-21 22:18:13,389 [INFO] -  * Debugger PIN: 752-207-021
2023-08-21 22:22:52,148 [INFO] -  * Detected change in 'C:\\Users\\shali\\PycharmProjects\\prediction_pipeline\\data\\data.py', reloading
2023-08-21 22:22:57,401 [WARNING] -  * Debugger is active!
2023-08-21 22:22:57,413 [INFO] -  * Debugger PIN: 752-207-021
2023-08-21 22:23:16,638 [INFO] -  * Detected change in 'C:\\Users\\shali\\PycharmProjects\\prediction_pipeline\\data\\data.py', reloading
2023-08-21 22:23:20,694 [WARNING] -  * Debugger is active!
2023-08-21 22:23:20,706 [INFO] -  * Debugger PIN: 752-207-021
2023-08-21 22:24:31,742 [INFO] -  * Detected change in 'C:\\Users\\shali\\PycharmProjects\\prediction_pipeline\\data\\data.py', reloading
2023-08-21 22:24:38,197 [WARNING] -  * Debugger is active!
2023-08-21 22:24:38,207 [INFO] -  * Debugger PIN: 752-207-021
2023-08-21 22:25:00,235 [INFO] -  * Detected change in 'C:\\Users\\shali\\PycharmProjects\\prediction_pipeline\\data\\data.py', reloading
2023-08-21 22:25:04,735 [WARNING] -  * Debugger is active!
2023-08-21 22:25:04,746 [INFO] -  * Debugger PIN: 752-207-021
2023-08-21 22:28:21,786 [INFO] -  * Detected change in 'C:\\Users\\shali\\PycharmProjects\\prediction_pipeline\\data\\data.py', reloading
2023-08-21 22:28:26,507 [WARNING] -  * Debugger is active!
2023-08-21 22:28:26,518 [INFO] -  * Debugger PIN: 752-207-021
2023-08-21 22:29:44,387 [INFO] -  * Detected change in 'C:\\Users\\shali\\PycharmProjects\\prediction_pipeline\\data\\data.py', reloading
2023-08-21 22:29:48,590 [WARNING] -  * Debugger is active!
2023-08-21 22:29:48,601 [INFO] -  * Debugger PIN: 752-207-021
2023-08-21 22:30:08,285 [INFO] -  * Detected change in 'C:\\Users\\shali\\PycharmProjects\\prediction_pipeline\\data\\data.py', reloading
2023-08-21 22:30:12,420 [WARNING] -  * Debugger is active!
2023-08-21 22:30:12,436 [INFO] -  * Debugger PIN: 752-207-021
2023-08-21 22:30:46,489 [INFO] -  * Detected change in 'C:\\Users\\shali\\PycharmProjects\\prediction_pipeline\\data\\data.py', reloading
2023-08-21 22:30:50,798 [WARNING] -  * Debugger is active!
2023-08-21 22:30:50,807 [INFO] -  * Debugger PIN: 752-207-021
2023-08-21 22:31:37,177 [INFO] -  * Detected change in 'C:\\Users\\shali\\PycharmProjects\\prediction_pipeline\\data\\data.py', reloading
2023-08-21 22:31:41,001 [WARNING] -  * Debugger is active!
2023-08-21 22:31:41,013 [INFO] -  * Debugger PIN: 752-207-021
2023-08-21 22:33:50,982 [INFO] -  * Detected change in 'C:\\Users\\shali\\PycharmProjects\\prediction_pipeline\\main.py', reloading
